1678375006070:c
1678377214263:gaa
1678700056229:gabi
1678700066069:gabi 2
1678701121642:gab
1678701493571:gag
1678701502077:gaa
1678701888402:gbbi 2
1679188243778:gaa
1679188249587:gabi 2
1679188271234:ua 2 "Stephen King"
1679188274667:gabi 2
1679188283440:ca
1679188288447:da 4
1679188289335:gaa
1679188294163:gab
1679188298182:gbbi 2
1679188310633:db 2
1679188313868:gab
1679188364305:cb "Duck tails" WB Adventures
1679188388490:cb 3 "Duck tails" WB Adventures
1679188391355:gab
1679188429000:gag
1679188434246:ggbi 2
1679188452562:ug 2 "Adventure"
1679188455393:gbbi 2
1679188463466:ggbi 2
1679188471304:cg
1679188474794:gag
1679188483509:dg 4
1679188490009:dg 5
1679188491980:gag
